<?xml version="1.0" encoding="UTF-8"?>
<!-- Generated by org.testng.reporters.JUnitReportReporter -->
<testsuite skipped="0" hostname="Shivaji" name="day1.basics.TestNG2" tests="2" failures="0" timestamp="2022-04-30T19:36:15 IST" time="0.014" errors="0">
  <testcase name="TestCase1" time="0.011" classname="day1.basics.TestNG2"/>
  <system-out/>
  <testcase name="TestCase2" time="0.003" classname="day1.basics.TestNG2"/>
  <system-out/>
</testsuite> <!-- day1.basics.TestNG2 -->
