<?xml version="1.0" encoding="UTF-8"?>
<!-- Generated by org.testng.reporters.JUnitReportReporter -->
<testsuite skipped="0" hostname="Shivaji" name="day1.basics.Test1" tests="2" failures="0" timestamp="2022-04-30T19:22:18 IST" time="2.015" errors="0">
  <testcase name="regressionTC1" time="0.010" classname="day1.basics.Test1"/>
  <system-out/>
  <testcase name="smokeTC1" time="2.005" classname="day1.basics.Test1"/>
  <system-out/>
</testsuite> <!-- day1.basics.Test1 -->
